Symlinking /home/nathan/barista_ws/devel/lib/python2.7/dist-packages/unr_deepspeech/__init__.py
Symlinking /home/nathan/barista_ws/devel/lib/python2.7/dist-packages/unr_deepspeech/srv/__init__.py
Symlinking /home/nathan/barista_ws/devel/lib/python2.7/dist-packages/unr_deepspeech/srv/_Listen.py
Symlinking /home/nathan/barista_ws/devel/lib/pkgconfig/unr_deepspeech.pc
Symlinking /home/nathan/barista_ws/devel/include/unr_deepspeech/Listen.h
Symlinking /home/nathan/barista_ws/devel/include/unr_deepspeech/ListenResponse.h
Symlinking /home/nathan/barista_ws/devel/include/unr_deepspeech/ListenRequest.h
Symlinking /home/nathan/barista_ws/devel/share/gennodejs/ros/unr_deepspeech/_index.js
Symlinking /home/nathan/barista_ws/devel/share/gennodejs/ros/unr_deepspeech/srv/_index.js
Symlinking /home/nathan/barista_ws/devel/share/gennodejs/ros/unr_deepspeech/srv/Listen.js
Symlinking /home/nathan/barista_ws/devel/share/roseus/ros/unr_deepspeech/manifest.l
Symlinking /home/nathan/barista_ws/devel/share/roseus/ros/unr_deepspeech/srv/Listen.l
Symlinking /home/nathan/barista_ws/devel/share/unr_deepspeech/cmake/unr_deepspeech-msg-extras.cmake
Symlinking /home/nathan/barista_ws/devel/share/unr_deepspeech/cmake/unr_deepspeechConfig.cmake
Symlinking /home/nathan/barista_ws/devel/share/unr_deepspeech/cmake/unr_deepspeechConfig-version.cmake
Symlinking /home/nathan/barista_ws/devel/share/unr_deepspeech/cmake/unr_deepspeech-msg-paths.cmake
Symlinking /home/nathan/barista_ws/devel/share/common-lisp/ros/unr_deepspeech/srv/unr_deepspeech-srv.asd
Symlinking /home/nathan/barista_ws/devel/share/common-lisp/ros/unr_deepspeech/srv/Listen.lisp
Symlinking /home/nathan/barista_ws/devel/share/common-lisp/ros/unr_deepspeech/srv/_package.lisp
Symlinking /home/nathan/barista_ws/devel/share/common-lisp/ros/unr_deepspeech/srv/_package_Listen.lisp
