[  0%] Built target std_msgs_generate_messages_lisp
[  0%] Built target actionlib_msgs_generate_messages_lisp
[  0%] Built target geometry_msgs_generate_messages_lisp
[  0%] Built target _darknet_ros_msgs_generate_messages_check_deps_CheckForObjectsGoal
[  0%] Built target _darknet_ros_msgs_generate_messages_check_deps_ObjectCount
[  0%] Built target _darknet_ros_msgs_generate_messages_check_deps_CheckForObjectsActionFeedback
[  0%] Built target _darknet_ros_msgs_generate_messages_check_deps_CheckForObjectsFeedback
[  0%] Built target sensor_msgs_generate_messages_lisp
[  0%] Built target _darknet_ros_msgs_generate_messages_check_deps_CheckForObjectsActionResult
[  0%] Built target _darknet_ros_msgs_generate_messages_check_deps_BoundingBox
[  0%] Built target _darknet_ros_msgs_generate_messages_check_deps_CheckForObjectsResult
[  0%] Built target _darknet_ros_msgs_generate_messages_check_deps_CheckForObjectsAction
[  0%] Built target std_msgs_generate_messages_py
[  0%] Built target _darknet_ros_msgs_generate_messages_check_deps_CheckForObjectsActionGoal
[  0%] Built target sensor_msgs_generate_messages_py
[  0%] Built target actionlib_msgs_generate_messages_py
[  0%] Built target _darknet_ros_msgs_generate_messages_check_deps_BoundingBoxes
[  0%] Built target geometry_msgs_generate_messages_py
[  0%] Built target std_msgs_generate_messages_nodejs
[  0%] Built target actionlib_msgs_generate_messages_nodejs
[  0%] Built target geometry_msgs_generate_messages_nodejs
[  0%] Built target sensor_msgs_generate_messages_nodejs
[  0%] Built target sensor_msgs_generate_messages_cpp
[  0%] Built target std_msgs_generate_messages_cpp
[  0%] Built target actionlib_msgs_generate_messages_cpp
[  0%] Built target geometry_msgs_generate_messages_cpp
[  0%] Built target std_msgs_generate_messages_eus
[  0%] Built target actionlib_msgs_generate_messages_eus
[  0%] Built target sensor_msgs_generate_messages_eus
[  0%] Built target geometry_msgs_generate_messages_eus
[ 19%] Built target darknet_ros_msgs_generate_messages_lisp
[ 21%] [34m[1mGenerating Python from MSG darknet_ros_msgs/CheckForObjectsResult[0m
[ 23%] [34m[1mGenerating Python from MSG darknet_ros_msgs/CheckForObjectsFeedback[0m
[ 25%] [34m[1mGenerating Python from MSG darknet_ros_msgs/ObjectCount[0m
[ 44%] Built target darknet_ros_msgs_generate_messages_nodejs
[ 63%] Built target darknet_ros_msgs_generate_messages_cpp
[ 84%] Built target darknet_ros_msgs_generate_messages_eus
[ 86%] [34m[1mGenerating Python from MSG darknet_ros_msgs/CheckForObjectsGoal[0m
[ 88%] [34m[1mGenerating Python from MSG darknet_ros_msgs/CheckForObjectsAction[0m
[ 90%] [34m[1mGenerating Python from MSG darknet_ros_msgs/CheckForObjectsActionResult[0m
[ 92%] [34m[1mGenerating Python from MSG darknet_ros_msgs/CheckForObjectsActionGoal[0m
[ 94%] [34m[1mGenerating Python from MSG darknet_ros_msgs/BoundingBoxes[0m
[ 96%] [34m[1mGenerating Python from MSG darknet_ros_msgs/CheckForObjectsActionFeedback[0m
[ 98%] [34m[1mGenerating Python from MSG darknet_ros_msgs/BoundingBox[0m
[100%] [34m[1mGenerating Python msg __init__.py for darknet_ros_msgs[0m
[100%] Built target darknet_ros_msgs_generate_messages_py
[100%] Built target darknet_ros_msgs_generate_messages
