Determining if the pthread_create exist failed with the following output:
Change Dir: /home/nathan/barista_ws/build/pcl_conversions/CMakeFiles/CMakeTmp

Run Build Command:"/usr/bin/make" "cmTC_5bbf4/fast"
/usr/bin/make -f CMakeFiles/cmTC_5bbf4.dir/build.make CMakeFiles/cmTC_5bbf4.dir/build
make[1]: Entering directory '/home/nathan/barista_ws/build/pcl_conversions/CMakeFiles/CMakeTmp'
Building C object CMakeFiles/cmTC_5bbf4.dir/CheckSymbolExists.c.o
/usr/bin/cc    -o CMakeFiles/cmTC_5bbf4.dir/CheckSymbolExists.c.o   -c /home/nathan/barista_ws/build/pcl_conversions/CMakeFiles/CMakeTmp/CheckSymbolExists.c
Linking C executable cmTC_5bbf4
/usr/bin/cmake -E cmake_link_script CMakeFiles/cmTC_5bbf4.dir/link.txt --verbose=1
/usr/bin/cc      -rdynamic CMakeFiles/cmTC_5bbf4.dir/CheckSymbolExists.c.o  -o cmTC_5bbf4 
CMakeFiles/cmTC_5bbf4.dir/CheckSymbolExists.c.o: In function `main':
CheckSymbolExists.c:(.text+0x1b): undefined reference to `pthread_create'
collect2: error: ld returned 1 exit status
CMakeFiles/cmTC_5bbf4.dir/build.make:97: recipe for target 'cmTC_5bbf4' failed
make[1]: *** [cmTC_5bbf4] Error 1
make[1]: Leaving directory '/home/nathan/barista_ws/build/pcl_conversions/CMakeFiles/CMakeTmp'
Makefile:126: recipe for target 'cmTC_5bbf4/fast' failed
make: *** [cmTC_5bbf4/fast] Error 2

File /home/nathan/barista_ws/build/pcl_conversions/CMakeFiles/CMakeTmp/CheckSymbolExists.c:
/* */
#include <pthread.h>

int main(int argc, char** argv)
{
  (void)argv;
#ifndef pthread_create
  return ((int*)(&pthread_create))[argc];
#else
  (void)argc;
  return 0;
#endif
}

Determining if the function pthread_create exists in the pthreads failed with the following output:
Change Dir: /home/nathan/barista_ws/build/pcl_conversions/CMakeFiles/CMakeTmp

Run Build Command:"/usr/bin/make" "cmTC_f8f6f/fast"
/usr/bin/make -f CMakeFiles/cmTC_f8f6f.dir/build.make CMakeFiles/cmTC_f8f6f.dir/build
make[1]: Entering directory '/home/nathan/barista_ws/build/pcl_conversions/CMakeFiles/CMakeTmp'
Building C object CMakeFiles/cmTC_f8f6f.dir/CheckFunctionExists.c.o
/usr/bin/cc   -DCHECK_FUNCTION_EXISTS=pthread_create   -o CMakeFiles/cmTC_f8f6f.dir/CheckFunctionExists.c.o   -c /usr/share/cmake-3.10/Modules/CheckFunctionExists.c
Linking C executable cmTC_f8f6f
/usr/bin/cmake -E cmake_link_script CMakeFiles/cmTC_f8f6f.dir/link.txt --verbose=1
/usr/bin/cc  -DCHECK_FUNCTION_EXISTS=pthread_create    -rdynamic CMakeFiles/cmTC_f8f6f.dir/CheckFunctionExists.c.o  -o cmTC_f8f6f -lpthreads 
/usr/bin/ld: cannot find -lpthreads
collect2: error: ld returned 1 exit status
CMakeFiles/cmTC_f8f6f.dir/build.make:97: recipe for target 'cmTC_f8f6f' failed
make[1]: *** [cmTC_f8f6f] Error 1
make[1]: Leaving directory '/home/nathan/barista_ws/build/pcl_conversions/CMakeFiles/CMakeTmp'
Makefile:126: recipe for target 'cmTC_f8f6f/fast' failed
make: *** [cmTC_f8f6f/fast] Error 2


