[  0%] Built target tf2_msgs_generate_messages_nodejs
[ 20%] Built target pcl_ros_gencfg
[ 23%] Built target pointcloud_to_pcd
[ 26%] Built target pcd_to_pointcloud
[ 26%] Built target tf2_msgs_generate_messages_cpp
[ 26%] Built target nodelet_generate_messages_nodejs
[ 26%] Built target tf2_msgs_generate_messages_eus
[ 26%] Built target nodelet_generate_messages_eus
[ 26%] Built target pcl_msgs_generate_messages_nodejs
[ 26%] Built target rosgraph_msgs_generate_messages_eus
Checking md5sum on /home/nathan/barista_ws/devel/.private/pcl_ros/share/pcl_ros/samples/data/table_scene_lms400.pcd
[ 26%] Built target rosgraph_msgs_generate_messages_lisp
[ 26%] Built target bond_generate_messages_eus
[ 26%] Built target table_scene_lms400.pcd
[ 26%] Built target geometry_msgs_generate_messages_eus
[ 26%] Built target roscpp_generate_messages_py
[ 26%] Built target geometry_msgs_generate_messages_lisp
[ 26%] Built target sensor_msgs_generate_messages_lisp
[ 26%] Built target std_srvs_generate_messages_eus
[ 26%] Built target roscpp_generate_messages_lisp
[ 26%] Built target rosgraph_msgs_generate_messages_nodejs
[ 26%] Built target topic_tools_generate_messages_cpp
[ 26%] Built target std_msgs_generate_messages_cpp
[ 26%] Built target nodelet_generate_messages_cpp
[ 26%] Built target rosgraph_msgs_generate_messages_cpp
[ 26%] Built target actionlib_generate_messages_lisp
[ 26%] Built target std_msgs_generate_messages_eus
[ 26%] Built target geometry_msgs_generate_messages_cpp
[ 26%] Built target std_srvs_generate_messages_nodejs
[ 26%] Built target bond_generate_messages_py
[ 26%] Built target roscpp_generate_messages_cpp
[ 26%] Built target actionlib_generate_messages_cpp
[ 26%] Built target geometry_msgs_generate_messages_nodejs
[ 26%] Built target dynamic_reconfigure_generate_messages_lisp
[ 26%] Built target sensor_msgs_generate_messages_nodejs
[ 26%] Built target pcl_msgs_generate_messages_cpp
[ 26%] Built target tf2_msgs_generate_messages_lisp
[ 26%] Built target std_msgs_generate_messages_py
[ 26%] Built target dynamic_reconfigure_gencfg
[ 26%] Built target dynamic_reconfigure_generate_messages_nodejs
[ 26%] Built target geometry_msgs_generate_messages_py
[ 26%] Built target dynamic_reconfigure_generate_messages_py
[ 26%] Built target nodelet_generate_messages_lisp
[ 26%] Built target roscpp_generate_messages_eus
[ 26%] Built target dynamic_reconfigure_generate_messages_eus
[ 26%] Built target rosgraph_msgs_generate_messages_py
[ 26%] Built target roscpp_generate_messages_nodejs
[ 26%] Built target bond_generate_messages_lisp
[ 26%] Built target std_msgs_generate_messages_lisp
[ 26%] Built target actionlib_msgs_generate_messages_eus
[ 26%] Built target std_msgs_generate_messages_nodejs
[ 26%] Built target bond_generate_messages_cpp
[ 26%] Built target bond_generate_messages_nodejs
[ 26%] Built target topic_tools_generate_messages_py
[ 26%] Built target actionlib_msgs_generate_messages_nodejs
[ 26%] Built target nodelet_topic_tools_gencfg
[ 26%] Built target std_srvs_generate_messages_lisp
[ 26%] Built target pcl_msgs_generate_messages_eus
[ 26%] Built target topic_tools_generate_messages_eus
[ 26%] Built target topic_tools_generate_messages_lisp
[ 26%] Built target sensor_msgs_generate_messages_py
[ 26%] Built target nodelet_generate_messages_py
[ 26%] Built target sensor_msgs_generate_messages_eus
[ 26%] Built target sensor_msgs_generate_messages_cpp
[ 26%] Built target tf_generate_messages_py
[ 26%] Built target tf_generate_messages_eus
[ 26%] Built target dynamic_reconfigure_generate_messages_cpp
[ 26%] Built target std_srvs_generate_messages_cpp
[ 26%] Built target std_srvs_generate_messages_py
[ 26%] Built target actionlib_generate_messages_py
[ 26%] Built target actionlib_msgs_generate_messages_cpp
[ 26%] Built target topic_tools_generate_messages_nodejs
[ 26%] Built target tf2_msgs_generate_messages_py
[ 26%] Built target pcl_msgs_generate_messages_py
[ 26%] Built target tf_generate_messages_cpp
[ 26%] Built target tf_generate_messages_nodejs
[ 26%] Built target actionlib_generate_messages_nodejs
[ 26%] Built target pcl_msgs_generate_messages_lisp
[ 26%] Built target actionlib_generate_messages_eus
[ 26%] Built target tf_generate_messages_lisp
[ 26%] Built target actionlib_msgs_generate_messages_lisp
[ 26%] Built target actionlib_msgs_generate_messages_py
[ 29%] Built target convert_pcd_to_image
[ 32%] Built target convert_pointcloud_to_image
[ 32%] Built target download_extra_data
[ 35%] Built target pcl_ros_tf
[ 42%] Built target pcl_ros_surface
[ 62%] Built target pcl_ros_features
[ 62%] Built target download
[ 65%] Built target pcl_ros_filter
[ 68%] Built target bag_to_pcd
[ 78%] Built target pcl_ros_io
[ 87%] Built target pcl_ros_segmentation
[100%] Built target pcl_ros_filters
