Symlinking /home/nathan/barista_ws/devel/lib/python2.7/dist-packages/manipulation/__init__.py
Symlinking /home/nathan/barista_ws/devel/lib/python2.7/dist-packages/manipulation/srv/__init__.py
Symlinking /home/nathan/barista_ws/devel/lib/python2.7/dist-packages/manipulation/srv/_ReturnJointStates.py
Symlinking /home/nathan/barista_ws/devel/lib/pkgconfig/manipulation.pc
Symlinking /home/nathan/barista_ws/devel/lib/manipulation/fetch_pick_place
Symlinking /home/nathan/barista_ws/devel/include/manipulation/ReturnJointStatesRequest.h
Symlinking /home/nathan/barista_ws/devel/include/manipulation/ReturnJointStates.h
Symlinking /home/nathan/barista_ws/devel/include/manipulation/ReturnJointStatesResponse.h
Symlinking /home/nathan/barista_ws/devel/share/gennodejs/ros/manipulation/_index.js
Symlinking /home/nathan/barista_ws/devel/share/gennodejs/ros/manipulation/srv/_index.js
Symlinking /home/nathan/barista_ws/devel/share/gennodejs/ros/manipulation/srv/ReturnJointStates.js
Symlinking /home/nathan/barista_ws/devel/share/roseus/ros/manipulation/manifest.l
Symlinking /home/nathan/barista_ws/devel/share/roseus/ros/manipulation/srv/ReturnJointStates.l
Symlinking /home/nathan/barista_ws/devel/share/manipulation/cmake/manipulationConfig.cmake
Symlinking /home/nathan/barista_ws/devel/share/manipulation/cmake/manipulation-msg-extras.cmake
Symlinking /home/nathan/barista_ws/devel/share/manipulation/cmake/manipulationConfig-version.cmake
Symlinking /home/nathan/barista_ws/devel/share/manipulation/cmake/manipulation-msg-paths.cmake
Symlinking /home/nathan/barista_ws/devel/share/common-lisp/ros/manipulation/srv/ReturnJointStates.lisp
Symlinking /home/nathan/barista_ws/devel/share/common-lisp/ros/manipulation/srv/_package_ReturnJointStates.lisp
Symlinking /home/nathan/barista_ws/devel/share/common-lisp/ros/manipulation/srv/manipulation-srv.asd
Symlinking /home/nathan/barista_ws/devel/share/common-lisp/ros/manipulation/srv/_package.lisp
