Linked: (/home/nathan/barista_ws/devel/.private/manipulation/lib/python2.7/dist-packages/manipulation/__init__.py, /home/nathan/barista_ws/devel/lib/python2.7/dist-packages/manipulation/__init__.py)
Linked: (/home/nathan/barista_ws/devel/.private/manipulation/lib/python2.7/dist-packages/manipulation/srv/__init__.py, /home/nathan/barista_ws/devel/lib/python2.7/dist-packages/manipulation/srv/__init__.py)
Linked: (/home/nathan/barista_ws/devel/.private/manipulation/lib/python2.7/dist-packages/manipulation/srv/_ReturnJointStates.py, /home/nathan/barista_ws/devel/lib/python2.7/dist-packages/manipulation/srv/_ReturnJointStates.py)
Linked: (/home/nathan/barista_ws/devel/.private/manipulation/lib/pkgconfig/manipulation.pc, /home/nathan/barista_ws/devel/lib/pkgconfig/manipulation.pc)
Linked: (/home/nathan/barista_ws/devel/.private/manipulation/lib/manipulation/fetch_pick_place, /home/nathan/barista_ws/devel/lib/manipulation/fetch_pick_place)
Linked: (/home/nathan/barista_ws/devel/.private/manipulation/include/manipulation/ReturnJointStatesRequest.h, /home/nathan/barista_ws/devel/include/manipulation/ReturnJointStatesRequest.h)
Linked: (/home/nathan/barista_ws/devel/.private/manipulation/include/manipulation/ReturnJointStates.h, /home/nathan/barista_ws/devel/include/manipulation/ReturnJointStates.h)
Linked: (/home/nathan/barista_ws/devel/.private/manipulation/include/manipulation/ReturnJointStatesResponse.h, /home/nathan/barista_ws/devel/include/manipulation/ReturnJointStatesResponse.h)
Linked: (/home/nathan/barista_ws/devel/.private/manipulation/share/gennodejs/ros/manipulation/_index.js, /home/nathan/barista_ws/devel/share/gennodejs/ros/manipulation/_index.js)
Linked: (/home/nathan/barista_ws/devel/.private/manipulation/share/gennodejs/ros/manipulation/srv/_index.js, /home/nathan/barista_ws/devel/share/gennodejs/ros/manipulation/srv/_index.js)
Linked: (/home/nathan/barista_ws/devel/.private/manipulation/share/gennodejs/ros/manipulation/srv/ReturnJointStates.js, /home/nathan/barista_ws/devel/share/gennodejs/ros/manipulation/srv/ReturnJointStates.js)
Linked: (/home/nathan/barista_ws/devel/.private/manipulation/share/roseus/ros/manipulation/manifest.l, /home/nathan/barista_ws/devel/share/roseus/ros/manipulation/manifest.l)
Linked: (/home/nathan/barista_ws/devel/.private/manipulation/share/roseus/ros/manipulation/srv/ReturnJointStates.l, /home/nathan/barista_ws/devel/share/roseus/ros/manipulation/srv/ReturnJointStates.l)
Linked: (/home/nathan/barista_ws/devel/.private/manipulation/share/manipulation/cmake/manipulationConfig.cmake, /home/nathan/barista_ws/devel/share/manipulation/cmake/manipulationConfig.cmake)
Linked: (/home/nathan/barista_ws/devel/.private/manipulation/share/manipulation/cmake/manipulation-msg-extras.cmake, /home/nathan/barista_ws/devel/share/manipulation/cmake/manipulation-msg-extras.cmake)
Linked: (/home/nathan/barista_ws/devel/.private/manipulation/share/manipulation/cmake/manipulationConfig-version.cmake, /home/nathan/barista_ws/devel/share/manipulation/cmake/manipulationConfig-version.cmake)
Linked: (/home/nathan/barista_ws/devel/.private/manipulation/share/manipulation/cmake/manipulation-msg-paths.cmake, /home/nathan/barista_ws/devel/share/manipulation/cmake/manipulation-msg-paths.cmake)
Linked: (/home/nathan/barista_ws/devel/.private/manipulation/share/common-lisp/ros/manipulation/srv/ReturnJointStates.lisp, /home/nathan/barista_ws/devel/share/common-lisp/ros/manipulation/srv/ReturnJointStates.lisp)
Linked: (/home/nathan/barista_ws/devel/.private/manipulation/share/common-lisp/ros/manipulation/srv/_package_ReturnJointStates.lisp, /home/nathan/barista_ws/devel/share/common-lisp/ros/manipulation/srv/_package_ReturnJointStates.lisp)
Linked: (/home/nathan/barista_ws/devel/.private/manipulation/share/common-lisp/ros/manipulation/srv/manipulation-srv.asd, /home/nathan/barista_ws/devel/share/common-lisp/ros/manipulation/srv/manipulation-srv.asd)
Linked: (/home/nathan/barista_ws/devel/.private/manipulation/share/common-lisp/ros/manipulation/srv/_package.lisp, /home/nathan/barista_ws/devel/share/common-lisp/ros/manipulation/srv/_package.lisp)
