[35m[1mScanning dependencies of target std_msgs_generate_messages_eus[0m
[35m[1mScanning dependencies of target std_msgs_generate_messages_cpp[0m
[35m[1mScanning dependencies of target _manipulation_generate_messages_check_deps_ReturnJointStates[0m
[35m[1mScanning dependencies of target fetch_pick_place[0m
[35m[1mScanning dependencies of target std_msgs_generate_messages_lisp[0m
[  0%] Built target std_msgs_generate_messages_eus
[  0%] Built target std_msgs_generate_messages_cpp
[  0%] Built target std_msgs_generate_messages_lisp
[35m[1mScanning dependencies of target std_msgs_generate_messages_py[0m
[35m[1mScanning dependencies of target std_msgs_generate_messages_nodejs[0m
[  0%] Built target std_msgs_generate_messages_py
[  0%] Built target std_msgs_generate_messages_nodejs
[  0%] Built target _manipulation_generate_messages_check_deps_ReturnJointStates
[35m[1mScanning dependencies of target manipulation_generate_messages_nodejs[0m
[35m[1mScanning dependencies of target manipulation_generate_messages_lisp[0m
[35m[1mScanning dependencies of target manipulation_generate_messages_cpp[0m
[35m[1mScanning dependencies of target manipulation_generate_messages_py[0m
[35m[1mScanning dependencies of target manipulation_generate_messages_eus[0m
[ 11%] [34m[1mGenerating Javascript code from manipulation/ReturnJointStates.srv[0m
[ 22%] [34m[1mGenerating Python code from SRV manipulation/ReturnJointStates[0m
[ 33%] [34m[1mGenerating Lisp code from manipulation/ReturnJointStates.srv[0m
[ 44%] [34m[1mGenerating C++ code from manipulation/ReturnJointStates.srv[0m
[ 55%] [34m[1mGenerating EusLisp code from manipulation/ReturnJointStates.srv[0m
[ 66%] [32mBuilding CXX object CMakeFiles/fetch_pick_place.dir/src/manipulation/fetch_pick_place.cpp.o[0m
[ 66%] Built target manipulation_generate_messages_nodejs
[ 66%] Built target manipulation_generate_messages_lisp
[ 77%] [34m[1mGenerating EusLisp manifest code for manipulation[0m
[ 88%] [34m[1mGenerating Python srv __init__.py for manipulation[0m
[ 88%] Built target manipulation_generate_messages_py
[ 88%] Built target manipulation_generate_messages_cpp
[ 88%] Built target manipulation_generate_messages_eus
[35m[1mScanning dependencies of target manipulation_generate_messages[0m
[ 88%] Built target manipulation_generate_messages
[100%] [32m[1mLinking CXX executable /home/nathan/barista_ws/devel/.private/manipulation/lib/manipulation/fetch_pick_place[0m
[100%] Built target fetch_pick_place
